Demo/build/intermediates/manifest_merge_blame_file/debug/manifest-merger-blame-debug-report.txt
1<?xml version="1.0" encoding="utf-8"?>
2<manifest xmlns:android="http://schemas.android.com/apk/res/android"
3    package="com.qq.e.union.demo"
4    android:versionCode="1"
5    android:versionName="1.0" >
6
7    <uses-sdk
8        android:minSdkVersion="16"
8-->src\main\AndroidManifest.xml
9        android:targetSdkVersion="28" />
9-->src\main\AndroidManifest.xml
10
11    <!-- 相关权限声明 : SDK不强制校验下列权限（即:无下面权限sdk也可正常工作），但建议开发者申请下面权限，尤其是READ_PHONE_STATE权限 -->
12    <!-- READ_PHONE_STATE权限用于允许SDK获取用户标识,针对单媒体的用户，允许获取权限的，投放定向广告；不允许获取权限的用户，投放通投广告，媒体可以选择是否把用户标识数据提供给优量汇，并承担相应广告填充和eCPM单价下降损失的结果。 -->
13    <uses-permission android:name="android.permission.READ_PHONE_STATE" />
13-->src\main\AndroidManifest.xml:7:5-75
13-->src\main\AndroidManifest.xml:7:22-72
14    <uses-permission android:name="android.permission.ACCESS_COARSE_LOCATION" />
14-->src\main\AndroidManifest.xml:8:5-81
14-->src\main\AndroidManifest.xml:8:22-78
15    <uses-permission android:name="android.permission.ACCESS_FINE_LOCATION" /> <!-- 如果需要精确定位的话请加上此权限 -->
15-->src\main\AndroidManifest.xml:9:5-79
15-->src\main\AndroidManifest.xml:9:22-76
16
17
18    <!-- mintegral 简称mtg，此处配置作用于流量分配功能，关于流量分配功能，详情请咨询商务 -->
19    <!-- mtg所需要的权限，此处因为优量汇SDK已经有相关权限了，此处注释以做提醒 -->
20    <!-- <uses-permission android:name="android.permission.INTERNET" /> -->
21    <!-- <uses-permission android:name="android.permission.ACCESS_NETWORK_STATE" /> -->
22    <!-- 如果国内流量版本SDK ，以下两条权限必须加上 -->
23    <!-- <uses-permission android:name="android.permission.READ_PHONE_STATE" /> -->
24    <!-- <uses-permission android:name="android.permission.REQUEST_INSTALL_PACKAGES" /> -->
25    <!-- mtg需要权限结束 -->
26
27
28    <!-- 快手SDK所需相关权限，存储权限，此处配置作用于流量分配功能，关于流量分配，详情请咨询商务 -->
29    <uses-permission android:name="android.permission.READ_EXTERNAL_STORAGE" />
29-->src\main\AndroidManifest.xml:21:5-80
29-->src\main\AndroidManifest.xml:21:22-77
30    <uses-permission android:name="android.permission.WRITE_EXTERNAL_STORAGE" />
30-->src\main\AndroidManifest.xml:22:5-81
30-->src\main\AndroidManifest.xml:22:22-78
31
32    <permission
32-->[ks_adsdk-2.2.4.aar] AndroidManifest.xml:11:5-13:47
33        android:name="com.qq.e.union.demo.permission.KW_SDK_BROADCAST"
33-->[ks_adsdk-2.2.4.aar] AndroidManifest.xml:12:9-68
34        android:protectionLevel="signature" />
34-->[ks_adsdk-2.2.4.aar] AndroidManifest.xml:13:9-44
35
36    <uses-permission android:name="android.permission.ACCESS_NETWORK_STATE" />
36-->[ks_adsdk-2.2.4.aar] AndroidManifest.xml:16:5-79
36-->[ks_adsdk-2.2.4.aar] AndroidManifest.xml:16:22-76
37    <uses-permission android:name="com.qq.e.union.demo.permission.KW_SDK_BROADCAST" />
37-->[ks_adsdk-2.2.4.aar] AndroidManifest.xml:17:5-84
37-->[ks_adsdk-2.2.4.aar] AndroidManifest.xml:17:22-81
38    <uses-permission android:name="android.permission.REQUEST_INSTALL_PACKAGES" />
38-->[ks_adsdk-2.2.4.aar] AndroidManifest.xml:18:5-83
38-->[ks_adsdk-2.2.4.aar] AndroidManifest.xml:18:22-80
39    <uses-permission android:name="android.permission.ACCESS_WIFI_STATE" />
39-->[ks_adsdk-2.2.4.aar] AndroidManifest.xml:19:5-76
39-->[ks_adsdk-2.2.4.aar] AndroidManifest.xml:19:22-73
40    <uses-permission android:name="android.permission.INTERNET" />
40-->[com.qq.e.union:union:4.330.1200] AndroidManifest.xml:11:5-67
40-->[com.qq.e.union:union:4.330.1200] AndroidManifest.xml:11:22-64
41    <uses-permission android:name="android.permission.CHANGE_NETWORK_STATE" />
41-->[com.qq.e.union:union:4.330.1200] AndroidManifest.xml:15:5-79
41-->[com.qq.e.union:union:4.330.1200] AndroidManifest.xml:15:22-76
42    <uses-permission android:name="android.permission.QUERY_ALL_PACKAGES" /> <!-- 快手需要权限结束 -->
42-->[com.qq.e.union:union:4.330.1200] AndroidManifest.xml:16:5-77
42-->[com.qq.e.union:union:4.330.1200] AndroidManifest.xml:16:22-74
43    <application
43-->src\main\AndroidManifest.xml:25:5-412:19
44        android:name="com.qq.e.union.demo.DemoApplication"
44-->src\main\AndroidManifest.xml:26:9-40
45        android:appComponentFactory="androidx.core.app.CoreComponentFactory"
45-->[androidx.core:core:1.0.0] AndroidManifest.xml:22:18-86
46        android:debuggable="true"
47        android:hardwareAccelerated="true"
47-->src\main\AndroidManifest.xml:29:9-43
48        android:icon="@drawable/gdticon"
48-->src\main\AndroidManifest.xml:27:9-41
49        android:label="@string/app_name"
49-->src\main\AndroidManifest.xml:28:9-41
50        android:networkSecurityConfig="@xml/network_security_config"
50-->src\main\AndroidManifest.xml:30:9-69
51        android:testOnly="true"
52        android:theme="@style/AppTheme"
52-->src\main\AndroidManifest.xml:31:9-40
53        android:usesCleartextTraffic="true" >
53-->[com.qq.e.union:union:4.330.1200] AndroidManifest.xml:18:18-53
54
55        <!-- mtg所需要依赖，此处配置作用于流量分配功能，关于流量分配功能，详情请咨询商务 -->
56        <uses-library
56-->src\main\AndroidManifest.xml:33:9-35:40
57            android:name="org.apache.http.legacy"
57-->src\main\AndroidManifest.xml:34:13-50
58            android:required="false" />
58-->src\main\AndroidManifest.xml:35:13-37
59        <!-- mtg所需要依赖结束 -->
60        <!-- targetSDKVersion >= 24时才需要添加这个provider。provider的authorities属性的值为${applicationId}.fileprovider，请开发者根据自己的${applicationId}来设置这个值，例如本例中applicationId为"com.qq.e.union.demo"。 -->
61        <provider
62            android:name="com.qq.e.comm.GDTFileProvider"
62-->src\main\AndroidManifest.xml:39:13-57
63            android:authorities="com.qq.e.union.demo.gdt.fileprovider"
63-->src\main\AndroidManifest.xml:40:13-68
64            android:exported="false"
64-->src\main\AndroidManifest.xml:41:13-37
65            android:grantUriPermissions="true" >
65-->src\main\AndroidManifest.xml:42:13-47
66            <meta-data
66-->src\main\AndroidManifest.xml:43:13-45:57
67                android:name="android.support.FILE_PROVIDER_PATHS"
67-->src\main\AndroidManifest.xml:44:17-67
68                android:resource="@xml/gdt_file_path" />
68-->src\main\AndroidManifest.xml:45:17-54
69        </provider>
70
71        <!-- 此处配置作用于流量分配功能. 如果接入 Google 广告(使用 Admob 包下的任何一个 Adapter ,即接入 Google 广告)，请务必添加 meta-data ，否则不能正常初始化  异常:java.lang.IllegalStateException -->
72        <meta-data
72-->src\main\AndroidManifest.xml:49:9-51:70
73            android:name="com.google.android.gms.ads.APPLICATION_ID"
73-->src\main\AndroidManifest.xml:50:13-69
74            android:value="ca-app-pub-3940256099942544~3347511713" />
74-->src\main\AndroidManifest.xml:51:13-67
75        <!-- Admob SDK Manifest相关配置到此结束 -->
76
77
78        <!-- 声明该Demo中的组件 -->
79        <activity
79-->src\main\AndroidManifest.xml:55:9-66:20
80            android:name="com.qq.e.union.demo.DemoListActivity"
80-->src\main\AndroidManifest.xml:56:13-45
81            android:exported="true"
81-->src\main\AndroidManifest.xml:57:13-36
82            android:label="@string/title_activity_maindemo"
82-->src\main\AndroidManifest.xml:58:13-60
83            android:launchMode="singleTask"
83-->src\main\AndroidManifest.xml:59:13-44
84            android:screenOrientation="portrait"
84-->src\main\AndroidManifest.xml:60:13-49
85            android:windowSoftInputMode="stateHidden|stateAlwaysHidden" >
85-->src\main\AndroidManifest.xml:61:13-72
86            <intent-filter>
86-->src\main\AndroidManifest.xml:62:13-65:29
87                <action android:name="android.intent.action.VIEW" />
87-->src\main\AndroidManifest.xml:63:17-69
87-->src\main\AndroidManifest.xml:63:25-66
88
89                <category android:name="android.intent.category.DEFAULT" />
89-->src\main\AndroidManifest.xml:64:17-76
89-->src\main\AndroidManifest.xml:64:27-73
90            </intent-filter>
91        </activity>
92        <activity
92-->src\main\AndroidManifest.xml:67:9-69:75
93            android:name="com.qq.e.union.demo.SDKVersionActivity"
93-->src\main\AndroidManifest.xml:67:19-53
94            android:screenOrientation="portrait"
94-->src\main\AndroidManifest.xml:68:13-49
95            android:theme="@android:style/Theme.Translucent.NoTitleBar" />
95-->src\main\AndroidManifest.xml:69:13-72
96        <activity
96-->src\main\AndroidManifest.xml:70:9-80:20
97            android:name="com.qq.e.union.demo.SplashActivity"
97-->src\main\AndroidManifest.xml:71:13-43
98            android:configChanges="keyboard|keyboardHidden|orientation|screenSize"
98-->src\main\AndroidManifest.xml:72:13-83
99            android:screenOrientation="portrait"
99-->src\main\AndroidManifest.xml:73:13-49
100            android:theme="@android:style/Theme.NoTitleBar.Fullscreen"
100-->src\main\AndroidManifest.xml:74:13-71
101            android:windowSoftInputMode="stateHidden" >
101-->src\main\AndroidManifest.xml:75:13-54
102            <intent-filter>
102-->src\main\AndroidManifest.xml:76:13-79:29
103                <action android:name="android.intent.action.MAIN" />
103-->src\main\AndroidManifest.xml:77:17-69
103-->src\main\AndroidManifest.xml:77:25-66
104
105                <category android:name="android.intent.category.LAUNCHER" />
105-->src\main\AndroidManifest.xml:78:17-77
105-->src\main\AndroidManifest.xml:78:27-74
106            </intent-filter>
107        </activity>
108        <activity
108-->src\main\AndroidManifest.xml:81:9-99:20
109            android:name="com.qq.e.union.demo.SplashADActivity"
109-->src\main\AndroidManifest.xml:82:13-45
110            android:screenOrientation="portrait" >
110-->src\main\AndroidManifest.xml:83:13-49
111            <intent-filter>
111-->src\main\AndroidManifest.xml:84:13-88:29
112                <action android:name="gdt.action.LAUNCH_DEMO" />
112-->src\main\AndroidManifest.xml:85:17-65
112-->src\main\AndroidManifest.xml:85:25-62
113
114                <category android:name="android.intent.category.DEFAULT" />
114-->src\main\AndroidManifest.xml:64:17-76
114-->src\main\AndroidManifest.xml:64:27-73
115            </intent-filter>
116
117            <meta-data
117-->src\main\AndroidManifest.xml:90:13-92:50
118                android:name="id"
118-->src\main\AndroidManifest.xml:91:17-34
119                android:value="@string/splash" />
119-->src\main\AndroidManifest.xml:92:17-47
120            <meta-data
120-->src\main\AndroidManifest.xml:93:13-95:44
121                android:name="content"
121-->src\main\AndroidManifest.xml:94:17-39
122                android:value="开屏广告接入示例" />
122-->src\main\AndroidManifest.xml:95:17-41
123            <meta-data
123-->src\main\AndroidManifest.xml:96:13-98:58
124                android:name="action"
124-->src\main\AndroidManifest.xml:97:17-38
125                android:value="gdt.action.LAUNCH_DEMO" />
125-->src\main\AndroidManifest.xml:98:17-55
126        </activity>
127        <activity
127-->src\main\AndroidManifest.xml:100:9-119:20
128            android:name="com.qq.e.union.demo.UnifiedInterstitialFullScreenADActivity"
128-->src\main\AndroidManifest.xml:101:13-68
129            android:configChanges="keyboard|keyboardHidden|orientation|screenSize"
129-->src\main\AndroidManifest.xml:102:13-83
130            android:label="@string/title_activity_unified_interstitial_ad"
130-->src\main\AndroidManifest.xml:103:13-75
131            android:windowSoftInputMode="stateHidden|stateAlwaysHidden" >
131-->src\main\AndroidManifest.xml:104:13-72
132            <meta-data
132-->src\main\AndroidManifest.xml:90:13-92:50
133                android:name="id"
133-->src\main\AndroidManifest.xml:91:17-34
134                android:value="@string/unified_interstitial_fullscreen_video" />
134-->src\main\AndroidManifest.xml:92:17-47
135            <meta-data
135-->src\main\AndroidManifest.xml:93:13-95:44
136                android:name="content"
136-->src\main\AndroidManifest.xml:94:17-39
137                android:value="插屏全屏视频广告接入示例" />
137-->src\main\AndroidManifest.xml:95:17-41
138            <meta-data
138-->src\main\AndroidManifest.xml:96:13-98:58
139                android:name="action"
139-->src\main\AndroidManifest.xml:97:17-38
140                android:value="gdt.action.UNIFIED_INTERSTITIAL_FULLSCREEN_VIDEO_DEMO" />
140-->src\main\AndroidManifest.xml:98:17-55
141
142            <intent-filter>
142-->src\main\AndroidManifest.xml:115:13-118:29
143                <action android:name="gdt.action.UNIFIED_INTERSTITIAL_FULLSCREEN_VIDEO_DEMO" />
143-->src\main\AndroidManifest.xml:116:17-96
143-->src\main\AndroidManifest.xml:116:25-93
144
145                <category android:name="android.intent.category.DEFAULT" />
145-->src\main\AndroidManifest.xml:64:17-76
145-->src\main\AndroidManifest.xml:64:27-73
146            </intent-filter>
147        </activity>
148        <activity
148-->src\main\AndroidManifest.xml:120:9-123:75
149            android:name="com.qq.e.union.demo.DeviceInfoActivity"
149-->src\main\AndroidManifest.xml:121:13-47
150            android:label="@string/title_activity_device_info"
150-->src\main\AndroidManifest.xml:122:13-63
151            android:windowSoftInputMode="stateHidden|stateAlwaysHidden" />
151-->src\main\AndroidManifest.xml:123:13-72
152        <activity
152-->src\main\AndroidManifest.xml:124:9-127:74
153            android:name="com.qq.e.union.demo.adapter.test.activity.MediationTestActivity"
153-->src\main\AndroidManifest.xml:125:13-72
154            android:label="@string/title_activity_test_mediation"
154-->src\main\AndroidManifest.xml:126:13-66
155            android:windowSoftInputMode="stateHidden|stateAlwaysHidden" />
155-->src\main\AndroidManifest.xml:127:13-72
156        <activity
156-->src\main\AndroidManifest.xml:128:9-148:20
157            android:name="com.qq.e.union.demo.NativeExpressADActivity"
157-->src\main\AndroidManifest.xml:129:13-52
158            android:label="@string/title_activity_native_express_ad"
158-->src\main\AndroidManifest.xml:130:13-69
159            android:screenOrientation="portrait"
159-->src\main\AndroidManifest.xml:131:13-49
160            android:windowSoftInputMode="stateHidden|stateAlwaysHidden" >
160-->src\main\AndroidManifest.xml:132:13-72
161            <meta-data
161-->src\main\AndroidManifest.xml:90:13-92:50
162                android:name="id"
162-->src\main\AndroidManifest.xml:91:17-34
163                android:value="@string/nativeExpress" />
163-->src\main\AndroidManifest.xml:92:17-47
164            <meta-data
164-->src\main\AndroidManifest.xml:93:13-95:44
165                android:name="content"
165-->src\main\AndroidManifest.xml:94:17-39
166                android:value="原生广告(模板渲染)接入示例" />
166-->src\main\AndroidManifest.xml:95:17-41
167            <meta-data
167-->src\main\AndroidManifest.xml:96:13-98:58
168                android:name="action"
168-->src\main\AndroidManifest.xml:97:17-38
169                android:value="gdt.action.NATIVE_EXPRESS_DEMO" />
169-->src\main\AndroidManifest.xml:98:17-55
170
171            <intent-filter>
171-->src\main\AndroidManifest.xml:143:13-147:29
172                <action android:name="gdt.action.NATIVE_EXPRESS_DEMO" />
172-->src\main\AndroidManifest.xml:144:17-73
172-->src\main\AndroidManifest.xml:144:25-70
173
174                <category android:name="android.intent.category.DEFAULT" />
174-->src\main\AndroidManifest.xml:64:17-76
174-->src\main\AndroidManifest.xml:64:27-73
175            </intent-filter>
176        </activity>
177        <activity
177-->src\main\AndroidManifest.xml:149:9-154:57
178            android:name="com.qq.e.union.demo.NativeExpressDemoActivity"
178-->src\main\AndroidManifest.xml:150:13-54
179            android:configChanges="keyboard|keyboardHidden|orientation|screenSize"
179-->src\main\AndroidManifest.xml:151:13-83
180            android:label="@string/title_activity_native_express_demo"
180-->src\main\AndroidManifest.xml:152:13-71
181            android:screenOrientation="portrait"
181-->src\main\AndroidManifest.xml:153:13-49
182            android:windowSoftInputMode="stateHidden" />
182-->src\main\AndroidManifest.xml:154:13-54
183        <activity
183-->src\main\AndroidManifest.xml:155:9-159:52
184            android:name="com.qq.e.union.demo.NativeExpressRecyclerViewActivity"
184-->src\main\AndroidManifest.xml:156:13-62
185            android:configChanges="keyboard|keyboardHidden|orientation|screenSize"
185-->src\main\AndroidManifest.xml:157:13-83
186            android:label="@string/title_activity_native_express_recycler_view"
186-->src\main\AndroidManifest.xml:158:13-80
187            android:screenOrientation="portrait" />
187-->src\main\AndroidManifest.xml:159:13-49
188
189        <!-- 模板2.0 -->
190        <activity
190-->src\main\AndroidManifest.xml:162:9-182:20
191            android:name="com.qq.e.union.demo.NativeExpressAd2GuideActivity"
191-->src\main\AndroidManifest.xml:163:13-58
192            android:label="@string/title_activity_native_express_improve_ad"
192-->src\main\AndroidManifest.xml:164:13-77
193            android:screenOrientation="portrait"
193-->src\main\AndroidManifest.xml:165:13-49
194            android:windowSoftInputMode="stateHidden|stateAlwaysHidden" >
194-->src\main\AndroidManifest.xml:166:13-72
195            <meta-data
195-->src\main\AndroidManifest.xml:90:13-92:50
196                android:name="id"
196-->src\main\AndroidManifest.xml:91:17-34
197                android:value="@string/nativeExpressImprove" />
197-->src\main\AndroidManifest.xml:92:17-47
198            <meta-data
198-->src\main\AndroidManifest.xml:93:13-95:44
199                android:name="content"
199-->src\main\AndroidManifest.xml:94:17-39
200                android:value="原生广告(模板2.0)接入示例" />
200-->src\main\AndroidManifest.xml:95:17-41
201            <meta-data
201-->src\main\AndroidManifest.xml:96:13-98:58
202                android:name="action"
202-->src\main\AndroidManifest.xml:97:17-38
203                android:value="gdt.action.NATIVE_EXPRESS_2_DEMO" />
203-->src\main\AndroidManifest.xml:98:17-55
204
205            <intent-filter>
205-->src\main\AndroidManifest.xml:177:13-181:29
206                <action android:name="gdt.action.NATIVE_EXPRESS_2_DEMO" />
206-->src\main\AndroidManifest.xml:178:17-75
206-->src\main\AndroidManifest.xml:178:25-72
207
208                <category android:name="android.intent.category.DEFAULT" />
208-->src\main\AndroidManifest.xml:64:17-76
208-->src\main\AndroidManifest.xml:64:27-73
209            </intent-filter>
210        </activity>
211        <activity
211-->src\main\AndroidManifest.xml:184:9-188:82
212            android:name="com.qq.e.union.demo.NativeExpressAd2SimpleDemoActivity"
212-->src\main\AndroidManifest.xml:185:13-63
213            android:configChanges="keyboard|keyboardHidden|orientation|screenSize"
213-->src\main\AndroidManifest.xml:186:13-83
214            android:label="@string/title_activity_native_express_recycler_view"
214-->src\main\AndroidManifest.xml:188:13-80
215            android:windowSoftInputMode="stateHidden|stateAlwaysHidden" />
215-->src\main\AndroidManifest.xml:187:13-72
216        <activity
216-->src\main\AndroidManifest.xml:189:9-192:83
217            android:name="com.qq.e.union.demo.NativeExpressAd2RecyclerViewActivity"
217-->src\main\AndroidManifest.xml:190:13-65
218            android:configChanges="keyboard|keyboardHidden|orientation|screenSize"
218-->src\main\AndroidManifest.xml:191:13-83
219            android:label="@string/title_activity_native_express_recycler_view" />
219-->src\main\AndroidManifest.xml:192:13-80
220        <!-- 模板2.0 -->
221
222
223        <!-- 模板激励视频 -->
224        <activity
224-->src\main\AndroidManifest.xml:196:9-215:20
225            android:name="com.qq.e.union.demo.ExpressRewardVideoActivity"
225-->src\main\AndroidManifest.xml:197:13-55
226            android:label="@string/title_activity_reward_video_improve_ad"
226-->src\main\AndroidManifest.xml:198:13-75
227            android:windowSoftInputMode="stateHidden|stateAlwaysHidden" >
227-->src\main\AndroidManifest.xml:199:13-72
228            <meta-data
228-->src\main\AndroidManifest.xml:90:13-92:50
229                android:name="id"
229-->src\main\AndroidManifest.xml:91:17-34
230                android:value="@string/nativeExpressRewardVideo" />
230-->src\main\AndroidManifest.xml:92:17-47
231            <meta-data
231-->src\main\AndroidManifest.xml:93:13-95:44
232                android:name="content"
232-->src\main\AndroidManifest.xml:94:17-39
233                android:value="模板激励视频接入示例" />
233-->src\main\AndroidManifest.xml:95:17-41
234            <meta-data
234-->src\main\AndroidManifest.xml:96:13-98:58
235                android:name="action"
235-->src\main\AndroidManifest.xml:97:17-38
236                android:value="gdt.action.EXPRESS_REWARD_VIDEO_DEMO" />
236-->src\main\AndroidManifest.xml:98:17-55
237
238            <intent-filter>
238-->src\main\AndroidManifest.xml:210:13-214:29
239                <action android:name="gdt.action.EXPRESS_REWARD_VIDEO_DEMO" />
239-->src\main\AndroidManifest.xml:211:17-79
239-->src\main\AndroidManifest.xml:211:25-76
240
241                <category android:name="android.intent.category.DEFAULT" />
241-->src\main\AndroidManifest.xml:64:17-76
241-->src\main\AndroidManifest.xml:64:27-73
242            </intent-filter>
243        </activity>
244        <!-- 模板激励视频 -->
245
246        <activity
246-->src\main\AndroidManifest.xml:218:9-239:20
247            android:name="com.qq.e.union.demo.NativeADUnifiedActivity"
247-->src\main\AndroidManifest.xml:219:13-52
248            android:configChanges="keyboard|keyboardHidden|orientation|screenSize"
248-->src\main\AndroidManifest.xml:220:13-83
249            android:label="@string/title_activity_native_unified_demo"
249-->src\main\AndroidManifest.xml:221:13-71
250            android:screenOrientation="portrait"
250-->src\main\AndroidManifest.xml:222:13-49
251            android:windowSoftInputMode="stateHidden" >
251-->src\main\AndroidManifest.xml:223:13-54
252            <meta-data
252-->src\main\AndroidManifest.xml:90:13-92:50
253                android:name="id"
253-->src\main\AndroidManifest.xml:91:17-34
254                android:value="@string/nativeContainer" />
254-->src\main\AndroidManifest.xml:92:17-47
255            <meta-data
255-->src\main\AndroidManifest.xml:93:13-95:44
256                android:name="content"
256-->src\main\AndroidManifest.xml:94:17-39
257                android:value="自渲染 2.0接入示例" />
257-->src\main\AndroidManifest.xml:95:17-41
258            <meta-data
258-->src\main\AndroidManifest.xml:96:13-98:58
259                android:name="action"
259-->src\main\AndroidManifest.xml:97:17-38
260                android:value="gdt.action.NATIVE_CONTAINER" />
260-->src\main\AndroidManifest.xml:98:17-55
261
262            <intent-filter>
262-->src\main\AndroidManifest.xml:234:13-238:29
263                <action android:name="gdt.action.NATIVE_CONTAINER" />
263-->src\main\AndroidManifest.xml:235:17-70
263-->src\main\AndroidManifest.xml:235:25-67
264
265                <category android:name="android.intent.category.DEFAULT" />
265-->src\main\AndroidManifest.xml:64:17-76
265-->src\main\AndroidManifest.xml:64:27-73
266            </intent-filter>
267        </activity>
268        <activity
268-->src\main\AndroidManifest.xml:240:9-243:74
269            android:name="com.qq.e.union.demo.NativeADUnifiedSampleActivity"
269-->src\main\AndroidManifest.xml:241:13-58
270            android:configChanges="keyboard|keyboardHidden|orientation|screenSize"
270-->src\main\AndroidManifest.xml:242:13-83
271            android:label="@string/title_activity_native_unified_demo" />
271-->src\main\AndroidManifest.xml:243:13-71
272        <activity
272-->src\main\AndroidManifest.xml:244:9-248:52
273            android:name="com.qq.e.union.demo.NativeADUnifiedListViewActivity"
273-->src\main\AndroidManifest.xml:245:13-60
274            android:configChanges="keyboard|keyboardHidden|orientation|screenSize"
274-->src\main\AndroidManifest.xml:246:13-83
275            android:label="@string/title_activity_native_unified_demo"
275-->src\main\AndroidManifest.xml:247:13-71
276            android:screenOrientation="portrait" />
276-->src\main\AndroidManifest.xml:248:13-49
277        <activity
277-->src\main\AndroidManifest.xml:249:9-253:52
278            android:name="com.qq.e.union.demo.NativeADUnifiedRecyclerViewActivity"
278-->src\main\AndroidManifest.xml:250:13-64
279            android:configChanges="keyboard|keyboardHidden|orientation|screenSize"
279-->src\main\AndroidManifest.xml:251:13-83
280            android:label="@string/title_activity_native_unified_demo"
280-->src\main\AndroidManifest.xml:252:13-71
281            android:screenOrientation="portrait" />
281-->src\main\AndroidManifest.xml:253:13-49
282        <activity
282-->src\main\AndroidManifest.xml:254:9-257:74
283            android:name="com.qq.e.union.demo.NativeADUnifiedPreMovieActivity"
283-->src\main\AndroidManifest.xml:255:13-60
284            android:configChanges="keyboard|keyboardHidden|orientation|screenSize"
284-->src\main\AndroidManifest.xml:256:13-83
285            android:label="@string/title_activity_native_unified_demo" />
285-->src\main\AndroidManifest.xml:257:13-71
286        <activity
286-->src\main\AndroidManifest.xml:258:9-263:63
287            android:name="com.qq.e.union.demo.NativeADUnifiedFullScreenActivity"
287-->src\main\AndroidManifest.xml:259:13-62
288            android:configChanges="keyboard|keyboardHidden|orientation|screenSize"
288-->src\main\AndroidManifest.xml:260:13-83
289            android:label="@string/title_activity_native_unified_demo"
289-->src\main\AndroidManifest.xml:261:13-71
290            android:screenOrientation="portrait"
290-->src\main\AndroidManifest.xml:262:13-49
291            android:theme="@android:style/Theme.NoTitleBar" />
291-->src\main\AndroidManifest.xml:263:13-60
292        <activity
292-->src\main\AndroidManifest.xml:264:9-269:63
293            android:name="com.qq.e.union.demo.NativeADUnifiedFullScreenFeedActivity"
293-->src\main\AndroidManifest.xml:265:13-66
294            android:configChanges="keyboard|keyboardHidden|orientation|screenSize"
294-->src\main\AndroidManifest.xml:266:13-83
295            android:label="@string/title_activity_native_unified_demo"
295-->src\main\AndroidManifest.xml:267:13-71
296            android:screenOrientation="portrait"
296-->src\main\AndroidManifest.xml:268:13-49
297            android:theme="@android:style/Theme.NoTitleBar" />
297-->src\main\AndroidManifest.xml:269:13-60
298        <activity
298-->src\main\AndroidManifest.xml:270:9-291:20
299            android:name="com.qq.e.union.demo.RewardVideoActivity"
299-->src\main\AndroidManifest.xml:271:13-48
300            android:configChanges="keyboard|keyboardHidden|orientation|screenSize"
300-->src\main\AndroidManifest.xml:272:13-83
301            android:label="@string/title_reward_video"
301-->src\main\AndroidManifest.xml:273:13-55
302            android:screenOrientation="portrait"
302-->src\main\AndroidManifest.xml:274:13-49
303            android:windowSoftInputMode="stateHidden|stateAlwaysHidden" >
303-->src\main\AndroidManifest.xml:275:13-72
304            <meta-data
304-->src\main\AndroidManifest.xml:90:13-92:50
305                android:name="id"
305-->src\main\AndroidManifest.xml:91:17-34
306                android:value="@string/rewardVideo" />
306-->src\main\AndroidManifest.xml:92:17-47
307            <meta-data
307-->src\main\AndroidManifest.xml:93:13-95:44
308                android:name="content"
308-->src\main\AndroidManifest.xml:94:17-39
309                android:value="激励视频广告接入示例" />
309-->src\main\AndroidManifest.xml:95:17-41
310            <meta-data
310-->src\main\AndroidManifest.xml:96:13-98:58
311                android:name="action"
311-->src\main\AndroidManifest.xml:97:17-38
312                android:value="gdt.action.REWARD_VIDEO_DEMO" />
312-->src\main\AndroidManifest.xml:98:17-55
313
314            <intent-filter>
314-->src\main\AndroidManifest.xml:286:13-290:29
315                <action android:name="gdt.action.REWARD_VIDEO_DEMO" />
315-->src\main\AndroidManifest.xml:287:17-71
315-->src\main\AndroidManifest.xml:287:25-68
316
317                <category android:name="android.intent.category.DEFAULT" />
317-->src\main\AndroidManifest.xml:64:17-76
317-->src\main\AndroidManifest.xml:64:27-73
318            </intent-filter>
319        </activity>
320        <activity
320-->src\main\AndroidManifest.xml:292:9-313:20
321            android:name="com.qq.e.union.demo.DemoGameTestActivity"
321-->src\main\AndroidManifest.xml:293:13-49
322            android:configChanges="keyboard|keyboardHidden|orientation|screenSize"
322-->src\main\AndroidManifest.xml:294:13-83
323            android:label="@string/title_reward_video"
323-->src\main\AndroidManifest.xml:295:13-55
324            android:screenOrientation="portrait"
324-->src\main\AndroidManifest.xml:296:13-49
325            android:windowSoftInputMode="stateHidden|stateAlwaysHidden" >
325-->src\main\AndroidManifest.xml:297:13-72
326            <meta-data
326-->src\main\AndroidManifest.xml:90:13-92:50
327                android:name="id"
327-->src\main\AndroidManifest.xml:91:17-34
328                android:value="@string/rewardVideo" />
328-->src\main\AndroidManifest.xml:92:17-47
329            <meta-data
329-->src\main\AndroidManifest.xml:93:13-95:44
330                android:name="content"
330-->src\main\AndroidManifest.xml:94:17-39
331                android:value="试玩广告测试" />
331-->src\main\AndroidManifest.xml:95:17-41
332            <meta-data
332-->src\main\AndroidManifest.xml:96:13-98:58
333                android:name="action"
333-->src\main\AndroidManifest.xml:97:17-38
334                android:value="gdt.action.DEMO_GAME_TEST_DEMO" />
334-->src\main\AndroidManifest.xml:98:17-55
335
336            <intent-filter>
336-->src\main\AndroidManifest.xml:308:13-312:29
337                <action android:name="gdt.action.DEMO_GAME_TEST_DEMO" />
337-->src\main\AndroidManifest.xml:309:17-73
337-->src\main\AndroidManifest.xml:309:25-70
338
339                <category android:name="android.intent.category.DEFAULT" />
339-->src\main\AndroidManifest.xml:64:17-76
339-->src\main\AndroidManifest.xml:64:27-73